#
# A fatal error has been detected by the Java Runtime Environment:
#
#  EXCEPTION_ACCESS_VIOLATION (0xc0000005) at pc=0x00000000688b8ddb, pid=13172, tid=0x0000000000002ac0
#
# JRE version: OpenJDK Runtime Environment (8.0_152-b01) (build 1.8.0_152-release-1343-b01)
# Java VM: OpenJDK 64-Bit Server VM (25.152-b01 mixed mode windows-amd64 compressed oops)
# Problematic frame:
# V  [jvm.dll+0x488ddb]
#
# Failed to write core dump. Minidumps are not enabled by default on client versions of Windows
#
# If you would like to submit a bug report, please visit:
#   http://bugreport.java.com/bugreport/crash.jsp
#

---------------  T H R E A D  ---------------

Current thread (0x00000000166b0000):  JavaThread "C2 CompilerThread1" daemon [_thread_in_native, id=10944, stack(0x0000000017e00000,0x0000000017f00000)]

siginfo: ExceptionCode=0xc0000005, reading address 0xffffffffffffffff

Registers:
RAX=0x000000001cb58920, RBX=0x0040000023cccd38, RCX=0x0000000000000e95, RDX=0x000000001dd46120
RSP=0x0000000017efbba0, RBP=0x000000000000000d, RSI=0x000000001dd46120, RDI=0x0000000017efc180
R8 =0x0000000000000e95, R9 =0x000000001f98c820, R10=0x000000001f13b1e8, R11=0x000000001e04eb10
R12=0x000000001dd464d8, R13=0x000000001bd5c6f8, R14=0x0000000017efc180, R15=0x000000001dd46120
RIP=0x00000000688b8ddb, EFLAGS=0x0000000000010202

Top of Stack: (sp=0x0000000017efbba0)
0x0000000017efbba0:   000000001f63a9e0 0000000000001000
0x0000000017efbbb0:   0000000000000000 0000000000000001
0x0000000017efbbc0:   000000001bd5c6f8 00000000688bd306
0x0000000017efbbd0:   0000000017efbc10 000000001f63a9e0
0x0000000017efbbe0:   000000001bd5c858 0000000023f24600
0x0000000017efbbf0:   0000000016675c50 0000000000002000
0x0000000017efbc00:   000000001e03eb10 0000000000001c21
0x0000000017efbc10:   0000000017efbd48 0000000017efbd28
0x0000000017efbc20:   0000000000000001 0000000017efc180
0x0000000017efbc30:   000000001edcab08 00000000688bd4c3
0x0000000017efbc40:   000000001dd46898 000000001edcab08
0x0000000017efbc50:   0000000000000006 000000001dd46120
0x0000000017efbc60:   000000001edcab08 0000000017efbd98
0x0000000017efbc70:   0000000017efbdf0 00000000688bed69
0x0000000017efbc80:   000000001dd46898 0000000000000006
0x0000000017efbc90:   0000000000000001 000000001b92e2e0 

Instructions: (pc=0x00000000688b8ddb)
0x00000000688b8dbb:   48 8b 87 00 0a 00 00 39 2c 88 72 51 48 3b de 74
0x00000000688b8dcb:   48 44 8b 43 28 4c 8b 8f f8 09 00 00 4b 8b 1c c1
0x00000000688b8ddb:   48 8b 43 08 48 83 38 00 75 26 8b 57 28 8b 43 28
0x00000000688b8deb:   3b c2 73 0c 8b c8 48 8b 47 30 48 8b 1c c8 eb 02 


Register to memory mapping:

RAX=0x000000001cb58920 is an unknown value
RBX=0x0040000023cccd38 is an unknown value
RCX=0x0000000000000e95 is an unknown value
RDX=0x000000001dd46120 is an unknown value
RSP=0x0000000017efbba0 is pointing into the stack for thread: 0x00000000166b0000
RBP=0x000000000000000d is an unknown value
RSI=0x000000001dd46120 is an unknown value
RDI=0x0000000017efc180 is pointing into the stack for thread: 0x00000000166b0000
R8 =0x0000000000000e95 is an unknown value
R9 =0x000000001f98c820 is an unknown value
R10=0x000000001f13b1e8 is an unknown value
R11=0x000000001e04eb10 is an unknown value
R12=0x000000001dd464d8 is an unknown value
R13=0x000000001bd5c6f8 is an unknown value
R14=0x0000000017efc180 is pointing into the stack for thread: 0x00000000166b0000
R15=0x000000001dd46120 is an unknown value


Stack: [0x0000000017e00000,0x0000000017f00000],  sp=0x0000000017efbba0,  free space=1006k
Native frames: (J=compiled Java code, j=interpreted, Vv=VM code, C=native code)
V  [jvm.dll+0x488ddb]
V  [jvm.dll+0x48d306]
V  [jvm.dll+0x48d4c3]
V  [jvm.dll+0x48ed69]
V  [jvm.dll+0x490b13]
V  [jvm.dll+0x4413d0]
V  [jvm.dll+0x4421d2]
V  [jvm.dll+0x4252c2]
V  [jvm.dll+0x813d8]
V  [jvm.dll+0x81d0f]
V  [jvm.dll+0x21d41f]
V  [jvm.dll+0x26d9aa]
C  [msvcr100.dll+0x21d9f]
C  [msvcr100.dll+0x21e3b]
C  [KERNEL32.DLL+0x17974]
C  [ntdll.dll+0x6a271]


Current CompileTask:
C2: 334314 15371   !   4       org.gradle.api.internal.AbstractClassGenerator::generateUnderLock (1137 bytes)


---------------  P R O C E S S  ---------------

Java Threads: ( => current thread )
  0x000000001ba15000 JavaThread "Task worker for ':' Thread 3" [_thread_blocked, id=888, stack(0x00000000285f0000,0x00000000286f0000)]
  0x000000001ba11800 JavaThread "Task worker for ':' Thread 2" [_thread_blocked, id=11216, stack(0x00000000284f0000,0x00000000285f0000)]
  0x000000001ba0e800 JavaThread "Task worker for ':'" [_thread_blocked, id=5516, stack(0x00000000283f0000,0x00000000284f0000)]
  0x000000001ba0a000 JavaThread "Cache worker for Build Output Cleanup Cache (C:\Users\Precious\NewAndroidProjects\Shushme\.gradle\buildOutputCleanup)" [_thread_blocked, id=5440, stack(0x00000000282f0000,0x00000000283f0000)]
  0x000000001e21a800 JavaThread "Cache worker for task history cache (C:\Users\Precious\NewAndroidProjects\Shushme\.gradle\4.6\taskHistory)" [_thread_blocked, id=2620, stack(0x00000000281f0000,0x00000000282f0000)]
  0x000000001e219800 JavaThread "Build operations Thread 4" [_thread_blocked, id=1832, stack(0x00000000280f0000,0x00000000281f0000)]
  0x000000001e219000 JavaThread "Build operations Thread 3" [_thread_blocked, id=2848, stack(0x0000000027ff0000,0x00000000280f0000)]
  0x000000001e21c000 JavaThread "Build operations Thread 2" [_thread_blocked, id=10824, stack(0x0000000027ef0000,0x0000000027ff0000)]
  0x000000001e218000 JavaThread "Build operations" [_thread_blocked, id=12852, stack(0x0000000027df0000,0x0000000027ef0000)]
  0x000000001e210800 JavaThread "Cache worker for Artifact transforms cache (C:\Users\Precious\.gradle\caches\transforms-1)" [_thread_blocked, id=13108, stack(0x0000000027cf0000,0x0000000027df0000)]
  0x000000001e217800 JavaThread "Cache worker for file hash cache (C:\Users\Precious\NewAndroidProjects\Shushme\.gradle\4.6\fileHashes)" [_thread_blocked, id=7192, stack(0x0000000027bf0000,0x0000000027cf0000)]
  0x000000001e210000 JavaThread "Stdin handler" [_thread_blocked, id=11580, stack(0x0000000027af0000,0x0000000027bf0000)]
  0x000000001e216800 JavaThread "Asynchronous log dispatcher for DefaultDaemonConnection: socket connection from /127.0.0.1:55709 to /127.0.0.1:55993" [_thread_blocked, id=1584, stack(0x00000000279f0000,0x0000000027af0000)]
  0x000000001e216000 JavaThread "Cancel handler" [_thread_blocked, id=1864, stack(0x00000000278f0000,0x00000000279f0000)]
  0x000000001e214800 JavaThread "Handler for socket connection from /127.0.0.1:55709 to /127.0.0.1:55993" [_thread_in_native, id=10860, stack(0x00000000277f0000,0x00000000278f0000)]
  0x000000001e211800 JavaThread "MarlinRenderer Disposer" daemon [_thread_blocked, id=12516, stack(0x00000000264f0000,0x00000000265f0000)]
  0x000000001e213000 JavaThread "Java2D Disposer" daemon [_thread_blocked, id=12132, stack(0x00000000263f0000,0x00000000264f0000)]
  0x000000001ba14800 JavaThread "pool-1-thread-1" [_thread_blocked, id=7236, stack(0x0000000024cf0000,0x0000000024df0000)]
  0x000000001ba10800 JavaThread "Memory manager" [_thread_blocked, id=11688, stack(0x00000000218b0000,0x00000000219b0000)]
  0x00000000199ce800 JavaThread "File lock request listener" [_thread_in_native, id=6796, stack(0x000000001c120000,0x000000001c220000)]
  0x000000001ae78800 JavaThread "Cache worker for file hash cache (C:\Users\Precious\.gradle\caches\4.6\fileHashes)" [_thread_blocked, id=12820, stack(0x000000001c020000,0x000000001c120000)]
  0x00000000194f9800 JavaThread "Daemon worker" [_thread_blocked, id=6564, stack(0x000000001ab50000,0x000000001ac50000)]
  0x00000000195cd800 JavaThread "Daemon" [_thread_blocked, id=2436, stack(0x000000001a650000,0x000000001a750000)]
  0x00000000195b7000 JavaThread "Daemon periodic checks" [_thread_blocked, id=5812, stack(0x000000001a550000,0x000000001a650000)]
  0x00000000195a0800 JavaThread "Incoming local TCP Connector on port 55709" [_thread_in_native, id=10284, stack(0x000000001a310000,0x000000001a410000)]
  0x0000000018028800 JavaThread "Service Thread" daemon [_thread_blocked, id=8636, stack(0x0000000018400000,0x0000000018500000)]
  0x00000000166bc800 JavaThread "C1 CompilerThread2" daemon [_thread_blocked, id=10520, stack(0x0000000017f00000,0x0000000018000000)]
=>0x00000000166b0000 JavaThread "C2 CompilerThread1" daemon [_thread_in_native, id=10944, stack(0x0000000017e00000,0x0000000017f00000)]
  0x00000000166a9800 JavaThread "C2 CompilerThread0" daemon [_thread_in_native, id=12924, stack(0x0000000017d00000,0x0000000017e00000)]
  0x00000000166a8800 JavaThread "Attach Listener" daemon [_thread_blocked, id=5460, stack(0x0000000017c00000,0x0000000017d00000)]
  0x00000000166b7000 JavaThread "Signal Dispatcher" daemon [_thread_blocked, id=10300, stack(0x0000000017b00000,0x0000000017c00000)]
  0x0000000016699800 JavaThread "Finalizer" daemon [_thread_blocked, id=11632, stack(0x0000000017900000,0x0000000017a00000)]
  0x0000000002d30800 JavaThread "Reference Handler" daemon [_thread_blocked, id=10952, stack(0x0000000017800000,0x0000000017900000)]
  0x0000000002c0e000 JavaThread "main" [_thread_blocked, id=5200, stack(0x0000000002a40000,0x0000000002b40000)]

Other Threads:
  0x0000000016676800 VMThread [stack: 0x0000000017700000,0x0000000017800000] [id=5392]
  0x0000000018029000 WatcherThread [stack: 0x0000000018500000,0x0000000018600000] [id=7752]

VM state:not at safepoint (normal execution)

VM Mutex/Monitor currently owned by a thread: None

Heap:
 PSYoungGen      total 434688K, used 110947K [0x00000000e0000000, 0x00000000fda80000, 0x0000000100000000)
  eden space 400896K, 25% used [0x00000000e0000000,0x00000000e64d67b8,0x00000000f8780000)
  from space 33792K, 22% used [0x00000000fb980000,0x00000000fc102718,0x00000000fda80000)
  to   space 42496K, 0% used [0x00000000f8780000,0x00000000f8780000,0x00000000fb100000)
 ParOldGen       total 231936K, used 75535K [0x00000000a0000000, 0x00000000ae280000, 0x00000000e0000000)
  object space 231936K, 32% used [0x00000000a0000000,0x00000000a49c3f28,0x00000000ae280000)
 Metaspace       used 78257K, capacity 81124K, committed 81240K, reserved 1120256K
  class space    used 9851K, capacity 10532K, committed 10624K, reserved 1048576K

Card table byte_map: [0x0000000012100000,0x0000000012410000] byte_map_base: 0x0000000011c00000

Marking Bits: (ParMarkBitMap*) 0x0000000068bf5aa0
 Begin Bits: [0x0000000012a10000, 0x0000000014210000)
 End Bits:   [0x0000000014210000, 0x0000000015a10000)

Polling page: 0x00000000009f0000

CodeCache: size=245760Kb used=45603Kb max_used=45603Kb free=200156Kb
 bounds [0x0000000002d40000, 0x0000000005a10000, 0x0000000011d40000]
 total_blobs=13703 nmethods=12740 adapters=875
 compilation: enabled

Compilation events (10 events):
Event: 334.127 Thread 0x00000000166a9800 nmethod 15656 0x00000000059f8510 code [0x00000000059f8660, 0x00000000059f8918]
Event: 334.127 Thread 0x00000000166a9800 15657       4       org.gradle.api.tasks.util.internal.CachingPatternSpecFactory$CacheKey::equals (63 bytes)
Event: 334.134 Thread 0x00000000166a9800 nmethod 15657 0x00000000059f8b90 code [0x00000000059f8d00, 0x00000000059f90e8]
Event: 334.134 Thread 0x00000000166a9800 15658       4       com.google.common.cache.LocalCache$AccessQueue::offer (9 bytes)
Event: 334.136 Thread 0x00000000166a9800 nmethod 15658 0x00000000059f9590 code [0x00000000059f96e0, 0x00000000059f9878]
Event: 334.136 Thread 0x00000000166a9800 15659       4       com.google.common.cache.LocalCache$AccessQueue::offer (38 bytes)
Event: 334.139 Thread 0x00000000166a9800 nmethod 15659 0x00000000059f9b10 code [0x00000000059f9c60, 0x00000000059f9df8]
Event: 334.140 Thread 0x00000000166a9800 15660   !   4       java.nio.file.FileTreeWalker::visit (204 bytes)
Event: 334.228 Thread 0x00000000166bc800 15661       1       org.gradle.api.internal.tasks.DefaultTaskInputFilePropertySpec::getPropertyFiles (5 bytes)
Event: 334.228 Thread 0x00000000166bc800 nmethod 15661 0x00000000059f5dd0 code [0x00000000059f5f20, 0x00000000059f6030]

GC Heap History (10 events):
Event: 106.793 GC heap before
{Heap before GC invocations=17 (full 3):
 PSYoungGen      total 308736K, used 14319K [0x00000000e0000000, 0x00000000f5200000, 0x0000000100000000)
  eden space 294400K, 0% used [0x00000000e0000000,0x00000000e0000000,0x00000000f1f80000)
  from space 14336K, 99% used [0x00000000f3300000,0x00000000f40fbe50,0x00000000f4100000)
  to   space 19968K, 0% used [0x00000000f1f80000,0x00000000f1f80000,0x00000000f3300000)
 ParOldGen       total 162304K, used 32888K [0x00000000a0000000, 0x00000000a9e80000, 0x00000000e0000000)
  object space 162304K, 20% used [0x00000000a0000000,0x00000000a201e070,0x00000000a9e80000)
 Metaspace       used 57293K, capacity 58772K, committed 59028K, reserved 1099776K
  class space    used 7427K, capacity 7869K, committed 7936K, reserved 1048576K
Event: 107.098 GC heap after
Heap after GC invocations=17 (full 3):
 PSYoungGen      total 308736K, used 0K [0x00000000e0000000, 0x00000000f5200000, 0x0000000100000000)
  eden space 294400K, 0% used [0x00000000e0000000,0x00000000e0000000,0x00000000f1f80000)
  from space 14336K, 0% used [0x00000000f3300000,0x00000000f3300000,0x00000000f4100000)
  to   space 19968K, 0% used [0x00000000f1f80000,0x00000000f1f80000,0x00000000f3300000)
 ParOldGen       total 231936K, used 38955K [0x00000000a0000000, 0x00000000ae280000, 0x00000000e0000000)
  object space 231936K, 16% used [0x00000000a0000000,0x00000000a260aef8,0x00000000ae280000)
 Metaspace       used 57247K, capacity 58662K, committed 59028K, reserved 1099776K
  class space    used 7413K, capacity 7855K, committed 7936K, reserved 1048576K
}
Event: 166.838 GC heap before
{Heap before GC invocations=18 (full 3):
 PSYoungGen      total 308736K, used 294400K [0x00000000e0000000, 0x00000000f5200000, 0x0000000100000000)
  eden space 294400K, 100% used [0x00000000e0000000,0x00000000f1f80000,0x00000000f1f80000)
  from space 14336K, 0% used [0x00000000f3300000,0x00000000f3300000,0x00000000f4100000)
  to   space 19968K, 0% used [0x00000000f1f80000,0x00000000f1f80000,0x00000000f3300000)
 ParOldGen       total 231936K, used 38955K [0x00000000a0000000, 0x00000000ae280000, 0x00000000e0000000)
  object space 231936K, 16% used [0x00000000a0000000,0x00000000a260aef8,0x00000000ae280000)
 Metaspace       used 65134K, capacity 67204K, committed 67544K, reserved 1107968K
  class space    used 8577K, capacity 9089K, committed 9216K, reserved 1048576K
Event: 166.881 GC heap after
Heap after GC invocations=18 (full 3):
 PSYoungGen      total 314368K, used 19965K [0x00000000e0000000, 0x00000000f9800000, 0x0000000100000000)
  eden space 294400K, 0% used [0x00000000e0000000,0x00000000e0000000,0x00000000f1f80000)
  from space 19968K, 99% used [0x00000000f1f80000,0x00000000f32ff790,0x00000000f3300000)
  to   space 23552K, 0% used [0x00000000f8100000,0x00000000f8100000,0x00000000f9800000)
 ParOldGen       total 231936K, used 40899K [0x00000000a0000000, 0x00000000ae280000, 0x00000000e0000000)
  object space 231936K, 17% used [0x00000000a0000000,0x00000000a27f0c50,0x00000000ae280000)
 Metaspace       used 65134K, capacity 67204K, committed 67544K, reserved 1107968K
  class space    used 8577K, capacity 9089K, committed 9216K, reserved 1048576K
}
Event: 234.139 GC heap before
{Heap before GC invocations=19 (full 3):
 PSYoungGen      total 314368K, used 314365K [0x00000000e0000000, 0x00000000f9800000, 0x0000000100000000)
  eden space 294400K, 100% used [0x00000000e0000000,0x00000000f1f80000,0x00000000f1f80000)
  from space 19968K, 99% used [0x00000000f1f80000,0x00000000f32ff790,0x00000000f3300000)
  to   space 23552K, 0% used [0x00000000f8100000,0x00000000f8100000,0x00000000f9800000)
 ParOldGen       total 231936K, used 40899K [0x00000000a0000000, 0x00000000ae280000, 0x00000000e0000000)
  object space 231936K, 17% used [0x00000000a0000000,0x00000000a27f0c50,0x00000000ae280000)
 Metaspace       used 67264K, capacity 69432K, committed 69592K, reserved 1110016K
  class space    used 8784K, capacity 9356K, committed 9472K, reserved 1048576K
Event: 234.190 GC heap after
Heap after GC invocations=19 (full 3):
 PSYoungGen      total 384000K, used 23544K [0x00000000e0000000, 0x00000000f9c00000, 0x0000000100000000)
  eden space 360448K, 0% used [0x00000000e0000000,0x00000000e0000000,0x00000000f6000000)
  from space 23552K, 99% used [0x00000000f8100000,0x00000000f97fe220,0x00000000f9800000)
  to   space 30720K, 0% used [0x00000000f6000000,0x00000000f6000000,0x00000000f7e00000)
 ParOldGen       total 231936K, used 52037K [0x00000000a0000000, 0x00000000ae280000, 0x00000000e0000000)
  object space 231936K, 22% used [0x00000000a0000000,0x00000000a32d17d8,0x00000000ae280000)
 Metaspace       used 67264K, capacity 69432K, committed 69592K, reserved 1110016K
  class space    used 8784K, capacity 9356K, committed 9472K, reserved 1048576K
}
Event: 277.483 GC heap before
{Heap before GC invocations=20 (full 3):
 PSYoungGen      total 384000K, used 383992K [0x00000000e0000000, 0x00000000f9c00000, 0x0000000100000000)
  eden space 360448K, 100% used [0x00000000e0000000,0x00000000f6000000,0x00000000f6000000)
  from space 23552K, 99% used [0x00000000f8100000,0x00000000f97fe220,0x00000000f9800000)
  to   space 30720K, 0% used [0x00000000f6000000,0x00000000f6000000,0x00000000f7e00000)
 ParOldGen       total 231936K, used 52037K [0x00000000a0000000, 0x00000000ae280000, 0x00000000e0000000)
  object space 231936K, 22% used [0x00000000a0000000,0x00000000a32d17d8,0x00000000ae280000)
 Metaspace       used 72062K, capacity 74570K, committed 74712K, reserved 1114112K
  class space    used 9244K, capacity 9891K, committed 9984K, reserved 1048576K
Event: 277.554 GC heap after
Heap after GC invocations=20 (full 3):
 PSYoungGen      total 391168K, used 30708K [0x00000000e0000000, 0x00000000fe400000, 0x0000000100000000)
  eden space 360448K, 0% used [0x00000000e0000000,0x00000000e0000000,0x00000000f6000000)
  from space 30720K, 99% used [0x00000000f6000000,0x00000000f7dfd0f0,0x00000000f7e00000)
  to   space 43520K, 0% used [0x00000000fb980000,0x00000000fb980000,0x00000000fe400000)
 ParOldGen       total 231936K, used 73330K [0x00000000a0000000, 0x00000000ae280000, 0x00000000e0000000)
  object space 231936K, 31% used [0x00000000a0000000,0x00000000a479cb88,0x00000000ae280000)
 Metaspace       used 72062K, capacity 74570K, committed 74712K, reserved 1114112K
  class space    used 9244K, capacity 9891K, committed 9984K, reserved 1048576K
}
Event: 332.458 GC heap before
{Heap before GC invocations=21 (full 3):
 PSYoungGen      total 391168K, used 391156K [0x00000000e0000000, 0x00000000fe400000, 0x0000000100000000)
  eden space 360448K, 100% used [0x00000000e0000000,0x00000000f6000000,0x00000000f6000000)
  from space 30720K, 99% used [0x00000000f6000000,0x00000000f7dfd0f0,0x00000000f7e00000)
  to   space 43520K, 0% used [0x00000000fb980000,0x00000000fb980000,0x00000000fe400000)
 ParOldGen       total 231936K, used 73330K [0x00000000a0000000, 0x00000000ae280000, 0x00000000e0000000)
  object space 231936K, 31% used [0x00000000a0000000,0x00000000a479cb88,0x00000000ae280000)
 Metaspace       used 77890K, capacity 80698K, committed 80984K, reserved 1120256K
  class space    used 9812K, capacity 10505K, committed 10624K, reserved 1048576K
Event: 332.485 GC heap after
Heap after GC invocations=21 (full 3):
 PSYoungGen      total 434688K, used 7689K [0x00000000e0000000, 0x00000000fda80000, 0x0000000100000000)
  eden space 400896K, 0% used [0x00000000e0000000,0x00000000e0000000,0x00000000f8780000)
  from space 33792K, 22% used [0x00000000fb980000,0x00000000fc102718,0x00000000fda80000)
  to   space 42496K, 0% used [0x00000000f8780000,0x00000000f8780000,0x00000000fb100000)
 ParOldGen       total 231936K, used 75535K [0x00000000a0000000, 0x00000000ae280000, 0x00000000e0000000)
  object space 231936K, 32% used [0x00000000a0000000,0x00000000a49c3f28,0x00000000ae280000)
 Metaspace       used 77890K, capacity 80698K, committed 80984K, reserved 1120256K
  class space    used 9812K, capacity 10505K, committed 10624K, reserved 1048576K
}

Deoptimization events (10 events):
Event: 333.955 Thread 0x000000001ba15000 Uncommon trap: reason=class_check action=maybe_recompile pc=0x0000000004e4072c method=com.google.common.collect.Multimaps$CustomListMultimap.createCollection()Ljava/util/List; @ 4
Event: 333.956 Thread 0x000000001ba15000 Uncommon trap: reason=class_check action=maybe_recompile pc=0x000000000381947c method=com.google.common.collect.Multimaps$CustomListMultimap.createCollection()Ljava/util/List; @ 4
Event: 333.957 Thread 0x000000001ba15000 Uncommon trap: reason=class_check action=maybe_recompile pc=0x000000000384310c method=com.google.common.collect.AbstractMapBasedMultimap.wrapCollection(Ljava/lang/Object;Ljava/util/Collection;)Ljava/util/Collection; @ 44
Event: 333.958 Thread 0x000000001ba15000 Uncommon trap: reason=class_check action=maybe_recompile pc=0x000000000384310c method=com.google.common.collect.AbstractMapBasedMultimap.wrapCollection(Ljava/lang/Object;Ljava/util/Collection;)Ljava/util/Collection; @ 44
Event: 333.958 Thread 0x000000001ba15000 Uncommon trap: reason=class_check action=maybe_recompile pc=0x000000000384310c method=com.google.common.collect.AbstractMapBasedMultimap.wrapCollection(Ljava/lang/Object;Ljava/util/Collection;)Ljava/util/Collection; @ 44
Event: 333.958 Thread 0x000000001ba15000 Uncommon trap: reason=class_check action=maybe_recompile pc=0x000000000384310c method=com.google.common.collect.AbstractMapBasedMultimap.wrapCollection(Ljava/lang/Object;Ljava/util/Collection;)Ljava/util/Collection; @ 44
Event: 333.958 Thread 0x000000001ba15000 Uncommon trap: reason=class_check action=maybe_recompile pc=0x0000000003828e7c method=com.google.common.collect.AbstractMapBasedMultimap$Itr.hasNext()Z @ 16
Event: 333.958 Thread 0x000000001ba15000 Uncommon trap: reason=class_check action=maybe_recompile pc=0x0000000003828e7c method=com.google.common.collect.AbstractMapBasedMultimap$Itr.hasNext()Z @ 16
Event: 333.969 Thread 0x000000001ba15000 Uncommon trap: reason=predicate action=maybe_recompile pc=0x000000000561ebc4 method=java.util.TimSort.binarySort([Ljava/lang/Object;IIILjava/util/Comparator;)V @ 37
Event: 333.996 Thread 0x000000001ba15000 Uncommon trap: reason=class_check action=maybe_recompile pc=0x0000000003828e7c method=com.google.common.collect.AbstractMapBasedMultimap$Itr.hasNext()Z @ 16

Classes redefined (0 events):
No events

Internal exceptions (10 events):
Event: 333.100 Thread 0x00000000194f9800 Exception <a 'sun/nio/fs/WindowsException'> (0x00000000e15960f0) thrown at [D:\src\AOSP-openjdk-cygwin\jdk8u\hotspot\src\share\vm\prims\jni.cpp, line 709]
Event: 333.100 Thread 0x00000000194f9800 Exception <a 'sun/nio/fs/WindowsException'> (0x00000000e1596dc8) thrown at [D:\src\AOSP-openjdk-cygwin\jdk8u\hotspot\src\share\vm\prims\jni.cpp, line 709]
Event: 333.100 Thread 0x00000000194f9800 Exception <a 'sun/nio/fs/WindowsException'> (0x00000000e1599c20) thrown at [D:\src\AOSP-openjdk-cygwin\jdk8u\hotspot\src\share\vm\prims\jni.cpp, line 709]
Event: 333.101 Thread 0x00000000194f9800 Exception <a 'sun/nio/fs/WindowsException'> (0x00000000e159a930) thrown at [D:\src\AOSP-openjdk-cygwin\jdk8u\hotspot\src\share\vm\prims\jni.cpp, line 709]
Event: 333.101 Thread 0x00000000194f9800 Exception <a 'sun/nio/fs/WindowsException'> (0x00000000e159c688) thrown at [D:\src\AOSP-openjdk-cygwin\jdk8u\hotspot\src\share\vm\prims\jni.cpp, line 709]
Event: 333.101 Thread 0x00000000194f9800 Exception <a 'sun/nio/fs/WindowsException'> (0x00000000e159d3d0) thrown at [D:\src\AOSP-openjdk-cygwin\jdk8u\hotspot\src\share\vm\prims\jni.cpp, line 709]
Event: 333.101 Thread 0x00000000194f9800 Exception <a 'sun/nio/fs/WindowsException'> (0x00000000e15a06c0) thrown at [D:\src\AOSP-openjdk-cygwin\jdk8u\hotspot\src\share\vm\prims\jni.cpp, line 709]
Event: 333.101 Thread 0x00000000194f9800 Exception <a 'sun/nio/fs/WindowsException'> (0x00000000e15a1398) thrown at [D:\src\AOSP-openjdk-cygwin\jdk8u\hotspot\src\share\vm\prims\jni.cpp, line 709]
Event: 333.101 Thread 0x00000000194f9800 Exception <a 'sun/nio/fs/WindowsException'> (0x00000000e15a30a0) thrown at [D:\src\AOSP-openjdk-cygwin\jdk8u\hotspot\src\share\vm\prims\jni.cpp, line 709]
Event: 333.101 Thread 0x00000000194f9800 Exception <a 'sun/nio/fs/WindowsException'> (0x00000000e15a3db8) thrown at [D:\src\AOSP-openjdk-cygwin\jdk8u\hotspot\src\share\vm\prims\jni.cpp, line 709]

Events (10 events):
Event: 334.006 Executing VM operation: RevokeBias
Event: 334.006 Executing VM operation: RevokeBias done
Event: 334.011 loading class org/gradle/api/internal/changedetection/state/OrderInsensitiveTaskFilePropertyCompareStrategy$2
Event: 334.011 loading class org/gradle/api/internal/changedetection/state/OrderInsensitiveTaskFilePropertyCompareStrategy$2 done
Event: 334.038 Executing VM operation: RevokeBias
Event: 334.038 Executing VM operation: RevokeBias done
Event: 334.039 Executing VM operation: RevokeBias
Event: 334.039 Executing VM operation: RevokeBias done
Event: 334.041 Executing VM operation: RevokeBias
Event: 334.041 Executing VM operation: RevokeBias done


Dynamic libraries:
0x00007ff709be0000 - 0x00007ff709c11000 	C:\Program Files\Android\Android Studio\jre\bin\java.exe
0x00007ff816f20000 - 0x00007ff81710d000 	C:\Windows\SYSTEM32\ntdll.dll
0x00007ff814c60000 - 0x00007ff814d13000 	C:\Windows\System32\KERNEL32.DLL
0x00007ff813090000 - 0x00007ff813323000 	C:\Windows\System32\KERNELBASE.dll
0x00007ff814de0000 - 0x00007ff814e83000 	C:\Windows\System32\ADVAPI32.dll
0x00007ff814d40000 - 0x00007ff814dde000 	C:\Windows\System32\msvcrt.dll
0x00007ff815550000 - 0x00007ff8155ee000 	C:\Windows\System32\sechost.dll
0x00007ff8152a0000 - 0x00007ff8153c2000 	C:\Windows\System32\RPCRT4.dll
0x00007ff814e90000 - 0x00007ff815027000 	C:\Windows\System32\USER32.dll
0x00007ff813f80000 - 0x00007ff813fa0000 	C:\Windows\System32\win32u.dll
0x00007ff816de0000 - 0x00007ff816e09000 	C:\Windows\System32\GDI32.dll
0x00007ff813de0000 - 0x00007ff813f7a000 	C:\Windows\System32\gdi32full.dll
0x00007ff812ff0000 - 0x00007ff813090000 	C:\Windows\System32\msvcp_win.dll
0x00007ff813fa0000 - 0x00007ff81409a000 	C:\Windows\System32\ucrtbase.dll
0x00007ff804f60000 - 0x00007ff8051d9000 	C:\Windows\WinSxS\amd64_microsoft.windows.common-controls_6595b64144ccf1df_6.0.17763.557_none_05b63f68071e5b9f\COMCTL32.dll
0x00007ff814930000 - 0x00007ff814c5c000 	C:\Windows\System32\combase.dll
0x00007ff813cd0000 - 0x00007ff813d4e000 	C:\Windows\System32\bcryptPrimitives.dll
0x00007ff815270000 - 0x00007ff81529e000 	C:\Windows\System32\IMM32.DLL
0x0000000068d50000 - 0x0000000068e22000 	C:\Program Files\Android\Android Studio\jre\jre\bin\msvcr100.dll
0x0000000068430000 - 0x0000000068c71000 	C:\Program Files\Android\Android Studio\jre\jre\bin\server\jvm.dll
0x00007ff8151a0000 - 0x00007ff8151a8000 	C:\Windows\System32\PSAPI.DLL
0x00007ff80fef0000 - 0x00007ff80ff14000 	C:\Windows\SYSTEM32\WINMM.dll
0x00007ffff3920000 - 0x00007ffff3929000 	C:\Windows\SYSTEM32\WSOCK32.dll
0x00007ff806510000 - 0x00007ff80651a000 	C:\Windows\SYSTEM32\VERSION.dll
0x00007ff816d10000 - 0x00007ff816d7d000 	C:\Windows\System32\WS2_32.dll
0x00007ff80fdd0000 - 0x00007ff80fdfd000 	C:\Windows\SYSTEM32\winmmbase.dll
0x00007ff813c80000 - 0x00007ff813cca000 	C:\Windows\System32\cfgmgr32.dll
0x00007fffe0810000 - 0x00007fffe081f000 	C:\Program Files\Android\Android Studio\jre\jre\bin\verify.dll
0x00007fffdb4f0000 - 0x00007fffdb519000 	C:\Program Files\Android\Android Studio\jre\jre\bin\java.dll
0x00007fffd0020000 - 0x00007fffd0036000 	C:\Program Files\Android\Android Studio\jre\jre\bin\zip.dll
0x00007ff8155f0000 - 0x00007ff816ae0000 	C:\Windows\System32\SHELL32.dll
0x00007ff8153d0000 - 0x00007ff815478000 	C:\Windows\System32\shcore.dll
0x00007ff813330000 - 0x00007ff813a7a000 	C:\Windows\System32\windows.storage.dll
0x00007ff812fc0000 - 0x00007ff812fe4000 	C:\Windows\System32\profapi.dll
0x00007ff812f40000 - 0x00007ff812f9d000 	C:\Windows\System32\powrprof.dll
0x00007ff816e10000 - 0x00007ff816e62000 	C:\Windows\System32\shlwapi.dll
0x00007ff812f20000 - 0x00007ff812f31000 	C:\Windows\System32\kernel.appcore.dll
0x00007ff813a80000 - 0x00007ff813a97000 	C:\Windows\System32\cryptsp.dll
0x00007fffd0000000 - 0x00007fffd001a000 	C:\Program Files\Android\Android Studio\jre\jre\bin\net.dll
0x00007ff812360000 - 0x00007ff8123c7000 	C:\Windows\system32\mswsock.dll
0x00007fffcffe0000 - 0x00007fffcfff1000 	C:\Program Files\Android\Android Studio\jre\jre\bin\nio.dll
0x00007ff80ac30000 - 0x00007ff80ac4e000 	C:\Users\Precious\.gradle\native\25\windows-amd64\native-platform.dll
0x00007fffdedf0000 - 0x00007fffdedfd000 	C:\Program Files\Android\Android Studio\jre\jre\bin\management.dll
0x00007ff811f20000 - 0x00007ff811f53000 	C:\Windows\system32\rsaenh.dll
0x00007ff813d50000 - 0x00007ff813d76000 	C:\Windows\System32\bcrypt.dll
0x00007ff812e20000 - 0x00007ff812e48000 	C:\Windows\SYSTEM32\USERENV.dll
0x00007ff812530000 - 0x00007ff81253c000 	C:\Windows\SYSTEM32\CRYPTBASE.dll
0x00007ff8120c0000 - 0x00007ff8120fd000 	C:\Windows\SYSTEM32\IPHLPAPI.DLL
0x00007ff814150000 - 0x00007ff814158000 	C:\Windows\System32\NSI.dll
0x00007ff810750000 - 0x00007ff810766000 	C:\Windows\SYSTEM32\dhcpcsvc6.DLL
0x00007ff810730000 - 0x00007ff81074c000 	C:\Windows\SYSTEM32\dhcpcsvc.DLL
0x00007ff812100000 - 0x00007ff8121c6000 	C:\Windows\SYSTEM32\DNSAPI.dll
0x00007fffd0e60000 - 0x00007fffd0e84000 	C:\Program Files\Android\Android Studio\jre\jre\bin\sunec.dll
0x00007ff8058d0000 - 0x00007ff8058da000 	C:\Windows\System32\rasadhlp.dll
0x00007ff805d90000 - 0x00007ff805e09000 	C:\Windows\System32\fwpuclnt.dll
0x00007ffff3f60000 - 0x00007ffff3f6b000 	C:\Program Files\Android\Android Studio\jre\jre\bin\sunmscapi.dll
0x00007ff813aa0000 - 0x00007ff813c7b000 	C:\Windows\System32\CRYPT32.dll
0x00007ff812fa0000 - 0x00007ff812fb2000 	C:\Windows\System32\MSASN1.dll
0x00007fffcfdc0000 - 0x00007fffcff58000 	C:\Program Files\Android\Android Studio\jre\jre\bin\awt.dll
0x00007ff815480000 - 0x00007ff815544000 	C:\Windows\System32\OLEAUT32.dll
0x00007ff80f2d0000 - 0x00007ff80f88e000 	C:\Windows\SYSTEM32\d2d1.dll
0x00007ff810320000 - 0x00007ff8103ac000 	C:\Windows\SYSTEM32\apphelp.dll
0x00007ff8109b0000 - 0x00007ff8109de000 	C:\Windows\system32\DWMAPI.DLL
0x00007ff8108e0000 - 0x00007ff81097c000 	C:\Windows\system32\uxtheme.dll
0x00007ff812a00000 - 0x00007ff812bed000 	C:\Windows\SYSTEM32\dbghelp.dll

VM Arguments:
jvm_args: -Xmx1536m -Dfile.encoding=windows-1252 -Duser.country=US -Duser.language=en -Duser.variant 
java_command: org.gradle.launcher.daemon.bootstrap.GradleDaemon 4.6
java_class_path (initial): C:\Users\Precious\.gradle\wrapper\dists\gradle-4.6-all\bcst21l2brirad8k2ben1letg\gradle-4.6\lib\gradle-launcher-4.6.jar
Launcher Type: SUN_STANDARD

Environment Variables:
PATH=C:\Program Files (x86)\Common Files\Oracle\Java\javapath;C:\Windows\system32;C:\Windows;C:\Windows\System32\Wbem;C:\Windows\System32\WindowsPowerShell\v1.0\;C:\Windows\System32\OpenSSH\;C:\Program Files\Git\cmd;C:\Program Files\dotnet\;C:\Users\Precious\AppData\Local\Microsoft\WindowsApps;C:\adb;C:\Users\Precious\AppData\Local\Microsoft\WindowsApps;
USERNAME=Precious
OS=Windows_NT
PROCESSOR_IDENTIFIER=Intel64 Family 6 Model 61 Stepping 4, GenuineIntel



---------------  S Y S T E M  ---------------

OS: Windows 10.0 , 64 bit Build 17763 (10.0.17763.475)

CPU:total 4 (initial active 4) (2 cores per cpu, 2 threads per core) family 6 model 61 stepping 4, cmov, cx8, fxsr, mmx, sse, sse2, sse3, ssse3, sse4.1, sse4.2, popcnt, avx, avx2, aes, clmul, erms, 3dnowpref, lzcnt, ht, tsc, tscinvbit, bmi1, bmi2, adx

Memory: 4k page, physical 16690572k(8591368k free), swap 19180940k(9099552k free)

vm_info: OpenJDK 64-Bit Server VM (25.152-b01) for windows-amd64 JRE (1.8.0_152-release-1343-b01), built by "builder" with MS VC++ 10.0 (VS2010)

time: Tue Jul 16 19:23:17 2019
elapsed time: 334 seconds (0d 0h 5m 34s)

