#
# A fatal error has been detected by the Java Runtime Environment:
#
#  EXCEPTION_ACCESS_VIOLATION (0xc0000005) at pc=0x00000000684ba940, pid=368, tid=0x00000000000000fc
#
# JRE version: OpenJDK Runtime Environment (8.0_152-b01) (build 1.8.0_152-release-1343-b01)
# Java VM: OpenJDK 64-Bit Server VM (25.152-b01 mixed mode windows-amd64 compressed oops)
# Problematic frame:
# V  [jvm.dll+0x8a940]
#
# Failed to write core dump. Minidumps are not enabled by default on client versions of Windows
#
# If you would like to submit a bug report, please visit:
#   http://bugreport.java.com/bugreport/crash.jsp
#

---------------  T H R E A D  ---------------

Current thread (0x0000000002f76800):  GCTaskThread [stack: 0x0000000012930000,0x0000000012a30000] [id=252]

siginfo: ExceptionCode=0xc0000005, reading address 0x0000000000000008

Registers:
RAX=0x0000000012d30000, RBX=0x00000000ea6fe180, RCX=0x00000000ea6fe180, RDX=0x0000000000000000
RSP=0x0000000012a2f7f8, RBP=0x00000000168f3a60, RSI=0x00000000ea2fdccc, RDI=0x00000000ea6fe180
R8 =0x00000000002537f0, R9 =0x00000000168f3a60, R10=0x00000000000014b9, R11=0x00000000ea2fe1e0
R12=0x00000000ea2fdd00, R13=0x0000000000000014, R14=0x00000000ea2fdca0, R15=0x0000000000000014
RIP=0x00000000684ba940, EFLAGS=0x0000000000010246

Top of Stack: (sp=0x0000000012a2f7f8)
0x0000000012a2f7f8:   0000000068515f27 00000000ea2fe1e0
0x0000000012a2f808:   00000000168f3a60 00000000ea2fdcc8
0x0000000012a2f818:   000000000000000c 00000000ea6fe180
0x0000000012a2f828:   00000000685452ba 00000000000014b3
0x0000000012a2f838:   00000000168f3a60 00000000ea2fdca0
0x0000000012a2f848:   000000000000000c 00000000168f3a60
0x0000000012a2f858:   00000000685453c3 0000000000000000
0x0000000012a2f868:   00000000000003d8 0000000002f772a8
0x0000000012a2f878:   00000000168a54a0 00000000000014b3
0x0000000012a2f888:   00000000687f3de0 00000000168f3a60
0x0000000012a2f898:   0000000002f71ad0 0000000002f76ed0
0x0000000012a2f8a8:   00000000000014ad 0000000000000000
0x0000000012a2f8b8:   0000000000000c00 0000000000000000
0x0000000012a2f8c8:   0000000000000000 0000000000000000
0x0000000012a2f8d8:   000000001b87a800 0000000000000001
0x0000000012a2f8e8:   000000e600000901 00003d06edf75445 

Instructions: (pc=0x00000000684ba940)
0x00000000684ba920:   ac 50 1d 00 48 8b 9c 24 c0 00 00 00 48 81 c4 b0
0x00000000684ba930:   00 00 00 5d c3 cc cc cc cc cc cc cc cc cc cc cc
0x00000000684ba940:   44 8b 42 08 4c 8b ca 45 85 c0 7e 0e 41 f6 c0 01
0x00000000684ba950:   75 57 41 c1 f8 03 41 8b c0 c3 79 4d 80 3d 9e 10 


Register to memory mapping:

RAX=0x0000000012d30000 is an unknown value
RBX=0x00000000ea6fe180 is an unknown value
RCX=0x00000000ea6fe180 is an unknown value
RDX=0x0000000000000000 is an unknown value
RSP=0x0000000012a2f7f8 is an unknown value
RBP=0x00000000168f3a60 is an unknown value
RSI=0x00000000ea2fdccc is an unknown value
RDI=0x00000000ea6fe180 is an unknown value
R8 =0x00000000002537f0 is an unknown value
R9 =0x00000000168f3a60 is an unknown value
R10=0x00000000000014b9 is an unknown value
R11=0x00000000ea2fe1e0 is an oop
[I 
 - klass: {type array int}
 - length: 20
R12=0x00000000ea2fdd00 is an oop
[I 
 - klass: {type array int}
 - length: 8388628
R13=0x0000000000000014 is an unknown value
R14=0x00000000ea2fdca0 is an oop
[[I 
 - klass: {type array int}[]
 - length: 20
R15=0x0000000000000014 is an unknown value


Stack: [0x0000000012930000,0x0000000012a30000],  sp=0x0000000012a2f7f8,  free space=1021k
Native frames: (J=compiled Java code, j=interpreted, Vv=VM code, C=native code)
V  [jvm.dll+0x8a940]


---------------  P R O C E S S  ---------------

Java Threads: ( => current thread )
  0x000000001b87a800 JavaThread "Build operations Thread 4" [_thread_blocked, id=12808, stack(0x0000000021bf0000,0x0000000021cf0000)]
  0x000000001b87b800 JavaThread "Build operations Thread 3" [_thread_blocked, id=7236, stack(0x0000000021af0000,0x0000000021bf0000)]
  0x000000001b878800 JavaThread "Build operations Thread 2" [_thread_blocked, id=6704, stack(0x00000000217d0000,0x00000000218d0000)]
  0x000000001b87c000 JavaThread "Build operations" [_thread_blocked, id=9316, stack(0x00000000216d0000,0x00000000217d0000)]
  0x000000001b875800 JavaThread "Cache worker for Artifact transforms cache (C:\Users\Precious\.gradle\caches\transforms-1)" [_thread_blocked, id=4492, stack(0x000000001fc60000,0x000000001fd60000)]
  0x0000000019b10000 JavaThread "Cache worker for file hash cache (C:\Users\Precious\NewAndroidProjects\Shushme\.gradle\4.6\fileHashes)" [_thread_blocked, id=11688, stack(0x000000001c550000,0x000000001c650000)]
  0x000000001a0fe000 JavaThread "File lock request listener" [_thread_in_native, id=13148, stack(0x000000001c450000,0x000000001c550000)]
  0x0000000019a8e000 JavaThread "Cache worker for file hash cache (C:\Users\Precious\.gradle\caches\4.6\fileHashes)" [_thread_blocked, id=12584, stack(0x000000001c350000,0x000000001c450000)]
  0x0000000019a75800 JavaThread "Stdin handler" [_thread_blocked, id=11380, stack(0x000000001b080000,0x000000001b180000)]
  0x0000000019a75000 JavaThread "Asynchronous log dispatcher for DefaultDaemonConnection: socket connection from /127.0.0.1:56154 to /127.0.0.1:56155" [_thread_blocked, id=10896, stack(0x000000001af80000,0x000000001b080000)]
  0x0000000019c47000 JavaThread "Daemon worker" [_thread_blocked, id=8916, stack(0x000000001ae80000,0x000000001af80000)]
  0x0000000019c46000 JavaThread "Cancel handler" [_thread_blocked, id=9232, stack(0x000000001ad80000,0x000000001ae80000)]
  0x0000000019bf3000 JavaThread "Handler for socket connection from /127.0.0.1:56154 to /127.0.0.1:56155" [_thread_in_native, id=4504, stack(0x000000001aa80000,0x000000001ab80000)]
  0x0000000019bc7800 JavaThread "Daemon" [_thread_blocked, id=3700, stack(0x000000001a980000,0x000000001aa80000)]
  0x0000000019b55000 JavaThread "Daemon periodic checks" [_thread_blocked, id=5108, stack(0x000000001a880000,0x000000001a980000)]
  0x0000000019b38000 JavaThread "Incoming local TCP Connector on port 56154" [_thread_in_native, id=3736, stack(0x000000001a640000,0x000000001a740000)]
  0x0000000016a2c000 JavaThread "Service Thread" daemon [_thread_blocked, id=3884, stack(0x0000000018730000,0x0000000018830000)]
  0x00000000169d9800 JavaThread "C1 CompilerThread2" daemon [_thread_blocked, id=7696, stack(0x0000000018230000,0x0000000018330000)]
  0x00000000169ce000 JavaThread "C2 CompilerThread1" daemon [_thread_blocked, id=10864, stack(0x0000000018130000,0x0000000018230000)]
  0x00000000169c7800 JavaThread "C2 CompilerThread0" daemon [_thread_in_native, id=10780, stack(0x0000000018030000,0x0000000018130000)]
  0x00000000169d5800 JavaThread "Attach Listener" daemon [_thread_blocked, id=12792, stack(0x0000000017f30000,0x0000000018030000)]
  0x00000000169d4000 JavaThread "Signal Dispatcher" daemon [_thread_blocked, id=11932, stack(0x0000000017e30000,0x0000000017f30000)]
  0x00000000169b9800 JavaThread "Finalizer" daemon [_thread_blocked, id=1332, stack(0x0000000017c30000,0x0000000017d30000)]
  0x0000000003050000 JavaThread "Reference Handler" daemon [_thread_blocked, id=12516, stack(0x0000000017b30000,0x0000000017c30000)]
  0x0000000002dee000 JavaThread "main" [_thread_blocked, id=13200, stack(0x0000000002e60000,0x0000000002f60000)]

Other Threads:
  0x0000000016996800 VMThread [stack: 0x0000000017a30000,0x0000000017b30000] [id=9840]
  0x0000000018348800 WatcherThread [stack: 0x0000000018830000,0x0000000018930000] [id=8132]

=>0x0000000002f76800 (exited) GCTaskThread [stack: 0x0000000012930000,0x0000000012a30000] [id=252]

VM state:at safepoint (normal execution)

VM Mutex/Monitor currently owned by a thread:  ([mutex/lock_event])
[0x0000000002ded270] Threads_lock - owner thread: 0x0000000016996800
[0x0000000002deda70] Heap_lock - owner thread: 0x0000000019c47000

Heap:
 PSYoungGen      total 160768K, used 9994K [0x00000000e0000000, 0x00000000ee180000, 0x0000000100000000)
  eden space 147456K, 0% used [0x00000000e0000000,0x00000000e0000000,0x00000000e9000000)
  from space 13312K, 75% used [0x00000000e9d00000,0x00000000ea6c29c0,0x00000000eaa00000)
  to   space 13312K, 0% used [0x00000000e9000000,0x00000000e9000000,0x00000000e9d00000)
 ParOldGen       total 107008K, used 10205K [0x00000000a0000000, 0x00000000a6880000, 0x00000000e0000000)
  object space 107008K, 9% used [0x00000000a0000000,0x00000000a09f75b8,0x00000000a6880000)
 Metaspace       used 34390K, capacity 35286K, committed 35416K, reserved 1079296K
  class space    used 4836K, capacity 5148K, committed 5208K, reserved 1048576K

Card table byte_map: [0x0000000012420000,0x0000000012730000] byte_map_base: 0x0000000011f20000

Marking Bits: (ParMarkBitMap*) 0x0000000068bf5aa0
 Begin Bits: [0x0000000012d30000, 0x0000000014530000)
 End Bits:   [0x0000000014530000, 0x0000000015d30000)

Polling page: 0x0000000002d90000

CodeCache: size=245760Kb used=9829Kb max_used=9903Kb free=235930Kb
 bounds [0x0000000003060000, 0x0000000003a20000, 0x0000000012060000]
 total_blobs=3603 nmethods=2905 adapters=610
 compilation: enabled

Compilation events (10 events):
Event: 7.289 Thread 0x00000000169ce000 nmethod 3081 0x000000000384a350 code [0x000000000384a4a0, 0x000000000384aa38]
Event: 7.289 Thread 0x00000000169ce000 3212       4       java.lang.ClassLoader::loadClass (7 bytes)
Event: 7.289 Thread 0x00000000169ce000 nmethod 3212 0x0000000003892bd0 code [0x0000000003892d00, 0x0000000003892d78]
Event: 7.294 Thread 0x00000000169ce000 3213       4       java.lang.ClassLoader::defineClass (43 bytes)
Event: 7.298 Thread 0x00000000169d9800 3214       3       java.lang.System$2::getConstantPool (5 bytes)
Event: 7.298 Thread 0x00000000169d9800 nmethod 3214 0x000000000384cc10 code [0x000000000384cd80, 0x000000000384cf88]
Event: 7.301 Thread 0x00000000169d9800 3217       3       java.lang.Class::getSimpleName (120 bytes)
Event: 7.302 Thread 0x00000000169d9800 nmethod 3217 0x00000000038906d0 code [0x00000000038909c0, 0x0000000003892178]
Event: 7.302 Thread 0x00000000169d9800 3218       1       java.nio.HeapByteBuffer::ix (7 bytes)
Event: 7.302 Thread 0x00000000169d9800 nmethod 3218 0x000000000384c6d0 code [0x000000000384c820, 0x000000000384c930]

GC Heap History (10 events):
Event: 3.985 GC heap after
Heap after GC invocations=3 (full 0):
 PSYoungGen      total 76288K, used 8865K [0x00000000e0000000, 0x00000000e9500000, 0x0000000100000000)
  eden space 65536K, 0% used [0x00000000e0000000,0x00000000e0000000,0x00000000e4000000)
  from space 10752K, 82% used [0x00000000e4000000,0x00000000e48a8608,0x00000000e4a80000)
  to   space 10752K, 0% used [0x00000000e8a80000,0x00000000e8a80000,0x00000000e9500000)
 ParOldGen       total 175104K, used 32K [0x00000000a0000000, 0x00000000aab00000, 0x00000000e0000000)
  object space 175104K, 0% used [0x00000000a0000000,0x00000000a0008000,0x00000000aab00000)
 Metaspace       used 20826K, capacity 21232K, committed 21248K, reserved 1067008K
  class space    used 2929K, capacity 3071K, committed 3072K, reserved 1048576K
}
Event: 3.985 GC heap before
{Heap before GC invocations=4 (full 1):
 PSYoungGen      total 76288K, used 8865K [0x00000000e0000000, 0x00000000e9500000, 0x0000000100000000)
  eden space 65536K, 0% used [0x00000000e0000000,0x00000000e0000000,0x00000000e4000000)
  from space 10752K, 82% used [0x00000000e4000000,0x00000000e48a8608,0x00000000e4a80000)
  to   space 10752K, 0% used [0x00000000e8a80000,0x00000000e8a80000,0x00000000e9500000)
 ParOldGen       total 175104K, used 32K [0x00000000a0000000, 0x00000000aab00000, 0x00000000e0000000)
  object space 175104K, 0% used [0x00000000a0000000,0x00000000a0008000,0x00000000aab00000)
 Metaspace       used 20826K, capacity 21232K, committed 21248K, reserved 1067008K
  class space    used 2929K, capacity 3071K, committed 3072K, reserved 1048576K
Event: 4.040 GC heap after
Heap after GC invocations=4 (full 1):
 PSYoungGen      total 76288K, used 0K [0x00000000e0000000, 0x00000000e9500000, 0x0000000100000000)
  eden space 65536K, 0% used [0x00000000e0000000,0x00000000e0000000,0x00000000e4000000)
  from space 10752K, 0% used [0x00000000e4000000,0x00000000e4000000,0x00000000e4a80000)
  to   space 10752K, 0% used [0x00000000e8a80000,0x00000000e8a80000,0x00000000e9500000)
 ParOldGen       total 107008K, used 8687K [0x00000000a0000000, 0x00000000a6880000, 0x00000000e0000000)
  object space 107008K, 8% used [0x00000000a0000000,0x00000000a087bea8,0x00000000a6880000)
 Metaspace       used 20826K, capacity 21232K, committed 21248K, reserved 1067008K
  class space    used 2929K, capacity 3071K, committed 3072K, reserved 1048576K
}
Event: 5.094 GC heap before
{Heap before GC invocations=5 (full 1):
 PSYoungGen      total 76288K, used 65536K [0x00000000e0000000, 0x00000000e9500000, 0x0000000100000000)
  eden space 65536K, 100% used [0x00000000e0000000,0x00000000e4000000,0x00000000e4000000)
  from space 10752K, 0% used [0x00000000e4000000,0x00000000e4000000,0x00000000e4a80000)
  to   space 10752K, 0% used [0x00000000e8a80000,0x00000000e8a80000,0x00000000e9500000)
 ParOldGen       total 107008K, used 8687K [0x00000000a0000000, 0x00000000a6880000, 0x00000000e0000000)
  object space 107008K, 8% used [0x00000000a0000000,0x00000000a087bea8,0x00000000a6880000)
 Metaspace       used 25843K, capacity 26280K, committed 26624K, reserved 1073152K
  class space    used 3625K, capacity 3765K, committed 3840K, reserved 1048576K
Event: 5.106 GC heap after
Heap after GC invocations=5 (full 1):
 PSYoungGen      total 104960K, used 6394K [0x00000000e0000000, 0x00000000e9100000, 0x0000000100000000)
  eden space 98304K, 0% used [0x00000000e0000000,0x00000000e0000000,0x00000000e6000000)
  from space 6656K, 96% used [0x00000000e8a80000,0x00000000e90bebe0,0x00000000e9100000)
  to   space 10752K, 0% used [0x00000000e7c00000,0x00000000e7c00000,0x00000000e8680000)
 ParOldGen       total 107008K, used 8695K [0x00000000a0000000, 0x00000000a6880000, 0x00000000e0000000)
  object space 107008K, 8% used [0x00000000a0000000,0x00000000a087dea8,0x00000000a6880000)
 Metaspace       used 25843K, capacity 26280K, committed 26624K, reserved 1073152K
  class space    used 3625K, capacity 3765K, committed 3840K, reserved 1048576K
}
Event: 6.947 GC heap before
{Heap before GC invocations=6 (full 1):
 PSYoungGen      total 104960K, used 104698K [0x00000000e0000000, 0x00000000e9100000, 0x0000000100000000)
  eden space 98304K, 100% used [0x00000000e0000000,0x00000000e6000000,0x00000000e6000000)
  from space 6656K, 96% used [0x00000000e8a80000,0x00000000e90bebe0,0x00000000e9100000)
  to   space 10752K, 0% used [0x00000000e7c00000,0x00000000e7c00000,0x00000000e8680000)
 ParOldGen       total 107008K, used 8695K [0x00000000a0000000, 0x00000000a6880000, 0x00000000e0000000)
  object space 107008K, 8% used [0x00000000a0000000,0x00000000a087dea8,0x00000000a6880000)
 Metaspace       used 31307K, capacity 32116K, committed 32384K, reserved 1077248K
  class space    used 4419K, capacity 4684K, committed 4736K, reserved 1048576K
Event: 6.973 GC heap after
Heap after GC invocations=6 (full 1):
 PSYoungGen      total 137728K, used 10747K [0x00000000e0000000, 0x00000000eaa00000, 0x0000000100000000)
  eden space 126976K, 0% used [0x00000000e0000000,0x00000000e0000000,0x00000000e7c00000)
  from space 10752K, 99% used [0x00000000e7c00000,0x00000000e867ee28,0x00000000e8680000)
  to   space 13312K, 0% used [0x00000000e9d00000,0x00000000e9d00000,0x00000000eaa00000)
 ParOldGen       total 107008K, used 10197K [0x00000000a0000000, 0x00000000a6880000, 0x00000000e0000000)
  object space 107008K, 9% used [0x00000000a0000000,0x00000000a09f55b8,0x00000000a6880000)
 Metaspace       used 31307K, capacity 32116K, committed 32384K, reserved 1077248K
  class space    used 4419K, capacity 4684K, committed 4736K, reserved 1048576K
}
Event: 7.316 GC heap before
{Heap before GC invocations=7 (full 1):
 PSYoungGen      total 137728K, used 26569K [0x00000000e0000000, 0x00000000eaa00000, 0x0000000100000000)
  eden space 126976K, 12% used [0x00000000e0000000,0x00000000e0f73940,0x00000000e7c00000)
  from space 10752K, 99% used [0x00000000e7c00000,0x00000000e867ee28,0x00000000e8680000)
  to   space 13312K, 0% used [0x00000000e9d00000,0x00000000e9d00000,0x00000000eaa00000)
 ParOldGen       total 107008K, used 10197K [0x00000000a0000000, 0x00000000a6880000, 0x00000000e0000000)
  object space 107008K, 9% used [0x00000000a0000000,0x00000000a09f55b8,0x00000000a6880000)
 Metaspace       used 34390K, capacity 35286K, committed 35416K, reserved 1079296K
  class space    used 4836K, capacity 5148K, committed 5208K, reserved 1048576K
Event: 7.332 GC heap after
Heap after GC invocations=7 (full 1):
 PSYoungGen      total 160768K, used 9994K [0x00000000e0000000, 0x00000000ee180000, 0x0000000100000000)
  eden space 147456K, 0% used [0x00000000e0000000,0x00000000e0000000,0x00000000e9000000)
  from space 13312K, 75% used [0x00000000e9d00000,0x00000000ea6c29c0,0x00000000eaa00000)
  to   space 13312K, 0% used [0x00000000e9000000,0x00000000e9000000,0x00000000e9d00000)
 ParOldGen       total 107008K, used 10205K [0x00000000a0000000, 0x00000000a6880000, 0x00000000e0000000)
  object space 107008K, 9% used [0x00000000a0000000,0x00000000a09f75b8,0x00000000a6880000)
 Metaspace       used 34390K, capacity 35286K, committed 35416K, reserved 1079296K
  class space    used 4836K, capacity 5148K, committed 5208K, reserved 1048576K
}
Event: 7.332 GC heap before
{Heap before GC invocations=8 (full 2):
 PSYoungGen      total 160768K, used 9994K [0x00000000e0000000, 0x00000000ee180000, 0x0000000100000000)
  eden space 147456K, 0% used [0x00000000e0000000,0x00000000e0000000,0x00000000e9000000)
  from space 13312K, 75% used [0x00000000e9d00000,0x00000000ea6c29c0,0x00000000eaa00000)
  to   space 13312K, 0% used [0x00000000e9000000,0x00000000e9000000,0x00000000e9d00000)
 ParOldGen       total 107008K, used 10205K [0x00000000a0000000, 0x00000000a6880000, 0x00000000e0000000)
  object space 107008K, 9% used [0x00000000a0000000,0x00000000a09f75b8,0x00000000a6880000)
 Metaspace       used 34390K, capacity 35286K, committed 35416K, reserved 1079296K
  class space    used 4836K, capacity 5148K, committed 5208K, reserved 1048576K

Deoptimization events (10 events):
Event: 6.108 Thread 0x0000000019c47000 Uncommon trap: reason=unstable_if action=reinterpret pc=0x00000000038974e0 method=java.net.URI.match(CJJ)Z @ 45
Event: 7.042 Thread 0x0000000019c47000 Uncommon trap: reason=class_check action=maybe_recompile pc=0x0000000003593f40 method=java.io.BufferedInputStream.read1([BII)I @ 39
Event: 7.043 Thread 0x0000000019c47000 Uncommon trap: reason=class_check action=maybe_recompile pc=0x0000000003593f40 method=java.io.BufferedInputStream.read1([BII)I @ 39
Event: 7.043 Thread 0x0000000019c47000 Uncommon trap: reason=class_check action=maybe_recompile pc=0x0000000003593f40 method=java.io.BufferedInputStream.read1([BII)I @ 39
Event: 7.044 Thread 0x0000000019c47000 Uncommon trap: reason=unstable_if action=reinterpret pc=0x00000000034eca90 method=java.util.regex.Pattern.has(I)Z @ 6
Event: 7.130 Thread 0x0000000019c47000 Uncommon trap: reason=bimorphic action=maybe_recompile pc=0x0000000003309d50 method=java.util.Arrays.binarySearch0([Ljava/lang/Object;IILjava/lang/Object;Ljava/util/Comparator;)I @ 48
Event: 7.130 Thread 0x0000000019c47000 Uncommon trap: reason=bimorphic action=maybe_recompile pc=0x0000000003309d50 method=java.util.Arrays.binarySearch0([Ljava/lang/Object;IILjava/lang/Object;Ljava/util/Comparator;)I @ 48
Event: 7.130 Thread 0x0000000019c47000 Uncommon trap: reason=bimorphic action=maybe_recompile pc=0x0000000003309d50 method=java.util.Arrays.binarySearch0([Ljava/lang/Object;IILjava/lang/Object;Ljava/util/Comparator;)I @ 48
Event: 7.130 Thread 0x0000000019c47000 Uncommon trap: reason=bimorphic action=maybe_recompile pc=0x0000000003309d50 method=java.util.Arrays.binarySearch0([Ljava/lang/Object;IILjava/lang/Object;Ljava/util/Comparator;)I @ 48
Event: 7.178 Thread 0x0000000019c47000 Uncommon trap: reason=unstable_if action=reinterpret pc=0x00000000035fe99c method=sun.misc.MetaIndex.mayContain(Ljava/lang/String;)Z @ 38

Classes redefined (0 events):
No events

Internal exceptions (10 events):
Event: 6.885 Thread 0x0000000019c47000 Exception <a 'java/lang/ClassNotFoundException': org/gradle/api/internal/ConventionTaskBeanInfo> (0x00000000e5cd2230) thrown at [D:\src\AOSP-openjdk-cygwin\jdk8u\hotspot\src\share\vm\classfile\systemDictionary.cpp, line 210]
Event: 6.886 Thread 0x0000000019c47000 Exception <a 'java/lang/ClassNotFoundException': org/gradle/api/DefaultTaskBeanInfo> (0x00000000e5cf6d88) thrown at [D:\src\AOSP-openjdk-cygwin\jdk8u\hotspot\src\share\vm\classfile\systemDictionary.cpp, line 210]
Event: 6.887 Thread 0x0000000019c47000 Exception <a 'java/lang/ClassNotFoundException': org/gradle/api/internal/AbstractTaskBeanInfo> (0x00000000e5d226d0) thrown at [D:\src\AOSP-openjdk-cygwin\jdk8u\hotspot\src\share\vm\classfile\systemDictionary.cpp, line 210]
Event: 6.888 Thread 0x0000000019c47000 Exception <a 'java/lang/ClassNotFoundException': org/gradle/api/internal/AbstractTaskCustomizer> (0x00000000e5d4ec78) thrown at [D:\src\AOSP-openjdk-cygwin\jdk8u\hotspot\src\share\vm\classfile\systemDictionary.cpp, line 210]
Event: 6.893 Thread 0x0000000019c47000 Exception <a 'java/lang/ClassNotFoundException': org/gradle/api/DefaultTaskCustomizer> (0x00000000e5dd8ca0) thrown at [D:\src\AOSP-openjdk-cygwin\jdk8u\hotspot\src\share\vm\classfile\systemDictionary.cpp, line 210]
Event: 6.894 Thread 0x0000000019c47000 Exception <a 'java/lang/ClassNotFoundException': org/gradle/api/internal/ConventionTaskCustomizer> (0x00000000e5e14e18) thrown at [D:\src\AOSP-openjdk-cygwin\jdk8u\hotspot\src\share\vm\classfile\systemDictionary.cpp, line 210]
Event: 6.895 Thread 0x0000000019c47000 Exception <a 'java/lang/ClassNotFoundException': org/gradle/api/tasks/DeleteCustomizer> (0x00000000e5e4e838) thrown at [D:\src\AOSP-openjdk-cygwin\jdk8u\hotspot\src\share\vm\classfile\systemDictionary.cpp, line 210]
Event: 6.897 Thread 0x0000000019c47000 Exception <a 'java/lang/ClassNotFoundException': org/gradle/api/tasks/Delete_DecoratedCustomizer> (0x00000000e5e96440) thrown at [D:\src\AOSP-openjdk-cygwin\jdk8u\hotspot\src\share\vm\classfile\systemDictionary.cpp, line 210]
Event: 6.943 Thread 0x0000000019c47000 Exception <a 'java/lang/ClassNotFoundException': build_3hjy75y8n036mkwub7e1zfgpyBeanInfo> (0x00000000e5fb7f28) thrown at [D:\src\AOSP-openjdk-cygwin\jdk8u\hotspot\src\share\vm\classfile\systemDictionary.cpp, line 210]
Event: 6.944 Thread 0x0000000019c47000 Exception <a 'java/lang/ClassNotFoundException': build_3hjy75y8n036mkwub7e1zfgpyCustomizer> (0x00000000e5fc2978) thrown at [D:\src\AOSP-openjdk-cygwin\jdk8u\hotspot\src\share\vm\classfile\systemDictionary.cpp, line 210]

Events (10 events):
Event: 7.313 loading class com/google/common/cache/CacheLoader done
Event: 7.313 loading class com/android/builder/profile/ProcessProfileWriter$ProjectCacheLoader
Event: 7.313 loading class com/android/builder/profile/ProcessProfileWriter$ProjectCacheLoader done
Event: 7.314 loading class com/android/builder/profile/NameAnonymizer
Event: 7.314 loading class com/android/builder/profile/NameAnonymizer done
Event: 7.315 loading class com/android/builder/profile/NameAnonymizer$ProjectCacheLoader
Event: 7.315 loading class com/android/builder/profile/NameAnonymizer$ProjectCacheLoader done
Event: 7.316 loading class com/google/common/cache/CacheBuilder
Event: 7.316 loading class com/google/common/cache/CacheBuilder done
Event: 7.316 Executing VM operation: CollectForMetadataAllocation


Dynamic libraries:
0x00007ff709be0000 - 0x00007ff709c11000 	C:\Program Files\Android\Android Studio\jre\bin\java.exe
0x00007ff816f20000 - 0x00007ff81710d000 	C:\Windows\SYSTEM32\ntdll.dll
0x00007ff814c60000 - 0x00007ff814d13000 	C:\Windows\System32\KERNEL32.DLL
0x00007ff813090000 - 0x00007ff813323000 	C:\Windows\System32\KERNELBASE.dll
0x00007ff814de0000 - 0x00007ff814e83000 	C:\Windows\System32\ADVAPI32.dll
0x00007ff814d40000 - 0x00007ff814dde000 	C:\Windows\System32\msvcrt.dll
0x00007ff815550000 - 0x00007ff8155ee000 	C:\Windows\System32\sechost.dll
0x00007ff8152a0000 - 0x00007ff8153c2000 	C:\Windows\System32\RPCRT4.dll
0x00007ff814e90000 - 0x00007ff815027000 	C:\Windows\System32\USER32.dll
0x00007ff813f80000 - 0x00007ff813fa0000 	C:\Windows\System32\win32u.dll
0x00007ff816de0000 - 0x00007ff816e09000 	C:\Windows\System32\GDI32.dll
0x00007ff813de0000 - 0x00007ff813f7a000 	C:\Windows\System32\gdi32full.dll
0x00007ff812ff0000 - 0x00007ff813090000 	C:\Windows\System32\msvcp_win.dll
0x00007ff813fa0000 - 0x00007ff81409a000 	C:\Windows\System32\ucrtbase.dll
0x00007ff804f60000 - 0x00007ff8051d9000 	C:\Windows\WinSxS\amd64_microsoft.windows.common-controls_6595b64144ccf1df_6.0.17763.557_none_05b63f68071e5b9f\COMCTL32.dll
0x00007ff814930000 - 0x00007ff814c5c000 	C:\Windows\System32\combase.dll
0x00007ff813cd0000 - 0x00007ff813d4e000 	C:\Windows\System32\bcryptPrimitives.dll
0x00007ff815270000 - 0x00007ff81529e000 	C:\Windows\System32\IMM32.DLL
0x0000000068d50000 - 0x0000000068e22000 	C:\Program Files\Android\Android Studio\jre\jre\bin\msvcr100.dll
0x0000000068430000 - 0x0000000068c71000 	C:\Program Files\Android\Android Studio\jre\jre\bin\server\jvm.dll
0x00007ff8151a0000 - 0x00007ff8151a8000 	C:\Windows\System32\PSAPI.DLL
0x00007ff806510000 - 0x00007ff80651a000 	C:\Windows\SYSTEM32\VERSION.dll
0x00007ff80fef0000 - 0x00007ff80ff14000 	C:\Windows\SYSTEM32\WINMM.dll
0x00007ffff3920000 - 0x00007ffff3929000 	C:\Windows\SYSTEM32\WSOCK32.dll
0x00007ff80fdd0000 - 0x00007ff80fdfd000 	C:\Windows\SYSTEM32\WINMMBASE.dll
0x00007ff813c80000 - 0x00007ff813cca000 	C:\Windows\System32\cfgmgr32.dll
0x0000000002d00000 - 0x0000000002d6d000 	C:\Windows\System32\ws2_32.DLL
0x00007fffe0810000 - 0x00007fffe081f000 	C:\Program Files\Android\Android Studio\jre\jre\bin\verify.dll
0x00007fffdb4f0000 - 0x00007fffdb519000 	C:\Program Files\Android\Android Studio\jre\jre\bin\java.dll
0x00007fffd0020000 - 0x00007fffd0036000 	C:\Program Files\Android\Android Studio\jre\jre\bin\zip.dll
0x00007ff8155f0000 - 0x00007ff816ae0000 	C:\Windows\System32\SHELL32.dll
0x00007ff8153d0000 - 0x00007ff815478000 	C:\Windows\System32\shcore.dll
0x00007ff813330000 - 0x00007ff813a7a000 	C:\Windows\System32\windows.storage.dll
0x00007ff812fc0000 - 0x00007ff812fe4000 	C:\Windows\System32\profapi.dll
0x00007ff812f40000 - 0x00007ff812f9d000 	C:\Windows\System32\powrprof.dll
0x00007ff816e10000 - 0x00007ff816e62000 	C:\Windows\System32\shlwapi.dll
0x00007ff812f20000 - 0x00007ff812f31000 	C:\Windows\System32\kernel.appcore.dll
0x00007ff813a80000 - 0x00007ff813a97000 	C:\Windows\System32\cryptsp.dll
0x00007fffd0000000 - 0x00007fffd001a000 	C:\Program Files\Android\Android Studio\jre\jre\bin\net.dll
0x00007ff812360000 - 0x00007ff8123c7000 	C:\Windows\system32\mswsock.dll
0x00007fffcffe0000 - 0x00007fffcfff1000 	C:\Program Files\Android\Android Studio\jre\jre\bin\nio.dll
0x00007ff80ac30000 - 0x00007ff80ac4e000 	C:\Users\Precious\.gradle\native\25\windows-amd64\native-platform.dll
0x00007fffdedf0000 - 0x00007fffdedfd000 	C:\Program Files\Android\Android Studio\jre\jre\bin\management.dll
0x00007ff811f20000 - 0x00007ff811f53000 	C:\Windows\system32\rsaenh.dll
0x00007ff813d50000 - 0x00007ff813d76000 	C:\Windows\System32\bcrypt.dll
0x00007ff812e20000 - 0x00007ff812e48000 	C:\Windows\SYSTEM32\USERENV.dll
0x00007ff812530000 - 0x00007ff81253c000 	C:\Windows\SYSTEM32\CRYPTBASE.dll
0x00007ff8120c0000 - 0x00007ff8120fd000 	C:\Windows\SYSTEM32\IPHLPAPI.DLL
0x00007ff814150000 - 0x00007ff814158000 	C:\Windows\System32\NSI.dll
0x00007ff810750000 - 0x00007ff810766000 	C:\Windows\SYSTEM32\dhcpcsvc6.DLL
0x00007ff810730000 - 0x00007ff81074c000 	C:\Windows\SYSTEM32\dhcpcsvc.DLL
0x00007ff812100000 - 0x00007ff8121c6000 	C:\Windows\SYSTEM32\DNSAPI.dll
0x00007ff812a00000 - 0x00007ff812bed000 	C:\Windows\SYSTEM32\dbghelp.dll

VM Arguments:
jvm_args: -Xmx1536m -Dfile.encoding=windows-1252 -Duser.country=US -Duser.language=en -Duser.variant 
java_command: org.gradle.launcher.daemon.bootstrap.GradleDaemon 4.6
java_class_path (initial): C:\Users\Precious\.gradle\wrapper\dists\gradle-4.6-all\bcst21l2brirad8k2ben1letg\gradle-4.6\lib\gradle-launcher-4.6.jar
Launcher Type: SUN_STANDARD

Environment Variables:
PATH=C:\Program Files (x86)\Common Files\Oracle\Java\javapath;C:\Windows\system32;C:\Windows;C:\Windows\System32\Wbem;C:\Windows\System32\WindowsPowerShell\v1.0\;C:\Windows\System32\OpenSSH\;C:\Program Files\Git\cmd;C:\Program Files\dotnet\;C:\Users\Precious\AppData\Local\Microsoft\WindowsApps;C:\adb;C:\Users\Precious\AppData\Local\Microsoft\WindowsApps;
USERNAME=Precious
OS=Windows_NT
PROCESSOR_IDENTIFIER=Intel64 Family 6 Model 61 Stepping 4, GenuineIntel



---------------  S Y S T E M  ---------------

OS: Windows 10.0 , 64 bit Build 17763 (10.0.17763.475)

CPU:total 4 (initial active 4) (2 cores per cpu, 2 threads per core) family 6 model 61 stepping 4, cmov, cx8, fxsr, mmx, sse, sse2, sse3, ssse3, sse4.1, sse4.2, popcnt, avx, avx2, aes, clmul, erms, 3dnowpref, lzcnt, ht, tsc, tscinvbit, bmi1, bmi2, adx

Memory: 4k page, physical 16690572k(8871516k free), swap 19180940k(9466220k free)

vm_info: OpenJDK 64-Bit Server VM (25.152-b01) for windows-amd64 JRE (1.8.0_152-release-1343-b01), built by "builder" with MS VC++ 10.0 (VS2010)

time: Tue Jul 16 19:27:20 2019
elapsed time: 7 seconds (0d 0h 0m 7s)

